{"C:\\Users\\nowak\\bApka_A\\backend\\src\\app.controller.ts": {"path":"C:\\Users\\nowak\\bApka_A\\backend\\src\\app.controller.ts","statementMap":{"0":{"start":{"line":1,"column":0},"end":{"line":1,"column":49}},"1":{"start":{"line":2,"column":0},"end":{"line":2,"column":43}},"2":{"start":{"line":5,"column":7},"end":{"line":12,"column":null}},"3":{"start":{"line":6,"column":31},"end":{"line":6,"column":43}},"4":{"start":{"line":10,"column":4},"end":{"line":10,"column":38}},"5":{"start":{"line":5,"column":13},"end":{"line":5,"column":26}},"6":{"start":{"line":9,"column":2},"end":{"line":11,"column":null}},"7":{"start":{"line":5,"column":13},"end":{"line":12,"column":null}}},"fnMap":{"0":{"name":"(anonymous_2)","decl":{"start":{"line":6,"column":2},"end":{"line":6,"column":31}},"loc":{"start":{"line":6,"column":53},"end":{"line":6,"column":57}}},"1":{"name":"(anonymous_3)","decl":{"start":{"line":9,"column":2},"end":{"line":9,"column":10}},"loc":{"start":{"line":9,"column":10},"end":{"line":11,"column":3}}}},"branchMap":{"0":{"loc":{"start":{"line":6,"column":43},"end":{"line":6,"column":56}},"type":"cond-expr","locations":[{"start":{"line":6,"column":53},"end":{"line":6,"column":56}},{"start":{"line":6,"column":53},"end":{"line":6,"column":56}}]},"1":{"loc":{"start":{"line":6,"column":43},"end":{"line":6,"column":53}},"type":"binary-expr","locations":[{"start":{"line":6,"column":43},"end":{"line":6,"column":56}},{"start":{"line":6,"column":43},"end":{"line":6,"column":53}}]}},"s":{"0":1,"1":1,"2":1,"3":1,"4":1,"5":1,"6":1,"7":1},"f":{"0":1,"1":1},"b":{"0":[1,0],"1":[1,1]}}
,"C:\\Users\\nowak\\bApka_A\\backend\\src\\app.module.ts": {"path":"C:\\Users\\nowak\\bApka_A\\backend\\src\\app.module.ts","statementMap":{"0":{"start":{"line":1,"column":0},"end":{"line":1,"column":40}},"1":{"start":{"line":2,"column":0},"end":{"line":2,"column":49}},"2":{"start":{"line":3,"column":0},"end":{"line":3,"column":43}},"3":{"start":{"line":4,"column":0},"end":{"line":4,"column":54}},"4":{"start":{"line":5,"column":0},"end":{"line":5,"column":48}},"5":{"start":{"line":6,"column":0},"end":{"line":6,"column":51}},"6":{"start":{"line":7,"column":0},"end":{"line":7,"column":63}},"7":{"start":{"line":8,"column":0},"end":{"line":8,"column":75}},"8":{"start":{"line":9,"column":0},"end":{"line":9,"column":45}},"9":{"start":{"line":10,"column":0},"end":{"line":10,"column":63}},"10":{"start":{"line":11,"column":0},"end":{"line":11,"column":50}},"11":{"start":{"line":12,"column":0},"end":{"line":12,"column":48}},"12":{"start":{"line":29,"column":7},"end":{"line":29,"column":null}},"13":{"start":{"line":29,"column":13},"end":{"line":29,"column":22}},"14":{"start":{"line":29,"column":13},"end":{"line":29,"column":null}}},"fnMap":{},"branchMap":{},"s":{"0":0,"1":0,"2":0,"3":0,"4":0,"5":0,"6":0,"7":0,"8":0,"9":0,"10":0,"11":0,"12":0,"13":0,"14":0},"f":{},"b":{}}
,"C:\\Users\\nowak\\bApka_A\\backend\\src\\app.service.ts": {"path":"C:\\Users\\nowak\\bApka_A\\backend\\src\\app.service.ts","statementMap":{"0":{"start":{"line":1,"column":0},"end":{"line":1,"column":44}},"1":{"start":{"line":4,"column":7},"end":{"line":8,"column":null}},"2":{"start":{"line":6,"column":4},"end":{"line":6,"column":26}},"3":{"start":{"line":4,"column":13},"end":{"line":4,"column":23}},"4":{"start":{"line":4,"column":13},"end":{"line":8,"column":null}}},"fnMap":{"0":{"name":"(anonymous_1)","decl":{"start":{"line":5,"column":2},"end":{"line":5,"column":10}},"loc":{"start":{"line":5,"column":10},"end":{"line":7,"column":3}}}},"branchMap":{},"s":{"0":1,"1":1,"2":1,"3":1,"4":1},"f":{"0":1},"b":{}}
,"C:\\Users\\nowak\\bApka_A\\backend\\src\\main.ts": {"path":"C:\\Users\\nowak\\bApka_A\\backend\\src\\main.ts","statementMap":{"0":{"start":{"line":1,"column":0},"end":{"line":1,"column":43}},"1":{"start":{"line":2,"column":0},"end":{"line":2,"column":41}},"2":{"start":{"line":3,"column":0},"end":{"line":3,"column":65}},"3":{"start":{"line":6,"column":14},"end":{"line":6,"column":49}},"4":{"start":{"line":8,"column":2},"end":{"line":13,"column":5}},"5":{"start":{"line":15,"column":17},"end":{"line":19,"column":12}},"6":{"start":{"line":20,"column":26},"end":{"line":20,"column":73}},"7":{"start":{"line":20,"column":32},"end":{"line":20,"column":73}},"8":{"start":{"line":21,"column":2},"end":{"line":21,"column":51}},"9":{"start":{"line":23,"column":2},"end":{"line":23,"column":56}},"10":{"start":{"line":25,"column":0},"end":{"line":25,"column":12}}},"fnMap":{"0":{"name":"bootstrap","decl":{"start":{"line":5,"column":15},"end":{"line":5,"column":24}},"loc":{"start":{"line":5,"column":24},"end":{"line":24,"column":1}}},"1":{"name":"(anonymous_1)","decl":{"start":{"line":20,"column":26},"end":{"line":20,"column":29}},"loc":{"start":{"line":20,"column":32},"end":{"line":20,"column":73}}}},"branchMap":{"0":{"loc":{"start":{"line":23,"column":19},"end":{"line":23,"column":43}},"type":"binary-expr","locations":[{"start":{"line":23,"column":19},"end":{"line":23,"column":35}},{"start":{"line":23,"column":39},"end":{"line":23,"column":43}}]}},"s":{"0":0,"1":0,"2":0,"3":0,"4":0,"5":0,"6":0,"7":0,"8":0,"9":0,"10":0},"f":{"0":0,"1":0},"b":{"0":[0,0]}}
,"C:\\Users\\nowak\\bApka_A\\backend\\src\\auth\\auth.controller.ts": {"path":"C:\\Users\\nowak\\bApka_A\\backend\\src\\auth\\auth.controller.ts","statementMap":{"0":{"start":{"line":1,"column":0},"end":{"line":1,"column":79}},"1":{"start":{"line":2,"column":0},"end":{"line":2,"column":45}},"2":{"start":{"line":3,"column":0},"end":{"line":3,"column":56}},"3":{"start":{"line":7,"column":7},"end":{"line":25,"column":null}},"4":{"start":{"line":8,"column":22},"end":{"line":8,"column":35}},"5":{"start":{"line":13,"column":17},"end":{"line":13,"column":79}},"6":{"start":{"line":14,"column":4},"end":{"line":16,"column":5}},"7":{"start":{"line":15,"column":6},"end":{"line":15,"column":61}},"8":{"start":{"line":17,"column":4},"end":{"line":17,"column":40}},"9":{"start":{"line":23,"column":4},"end":{"line":23,"column":43}},"10":{"start":{"line":7,"column":13},"end":{"line":7,"column":27}},"11":{"start":{"line":12,"column":8},"end":{"line":18,"column":null}},"12":{"start":{"line":22,"column":8},"end":{"line":24,"column":null}},"13":{"start":{"line":7,"column":13},"end":{"line":25,"column":null}}},"fnMap":{"0":{"name":"(anonymous_4)","decl":{"start":{"line":8,"column":2},"end":{"line":8,"column":22}},"loc":{"start":{"line":8,"column":46},"end":{"line":8,"column":50}}},"1":{"name":"(anonymous_5)","decl":{"start":{"line":12,"column":8},"end":{"line":12,"column":13}},"loc":{"start":{"line":12,"column":31},"end":{"line":18,"column":3}}},"2":{"name":"(anonymous_6)","decl":{"start":{"line":22,"column":8},"end":{"line":22,"column":16}},"loc":{"start":{"line":22,"column":34},"end":{"line":24,"column":3}}}},"branchMap":{"0":{"loc":{"start":{"line":14,"column":4},"end":{"line":16,"column":5}},"type":"if","locations":[{"start":{"line":14,"column":4},"end":{"line":16,"column":5}},{"start":{},"end":{}}]},"1":{"loc":{"start":{"line":8,"column":35},"end":{"line":8,"column":49}},"type":"cond-expr","locations":[{"start":{"line":8,"column":46},"end":{"line":8,"column":49}},{"start":{"line":8,"column":46},"end":{"line":8,"column":49}}]},"2":{"loc":{"start":{"line":8,"column":35},"end":{"line":8,"column":46}},"type":"binary-expr","locations":[{"start":{"line":8,"column":35},"end":{"line":8,"column":49}},{"start":{"line":8,"column":35},"end":{"line":8,"column":46}}]}},"s":{"0":1,"1":1,"2":1,"3":1,"4":3,"5":2,"6":2,"7":1,"8":1,"9":1,"10":1,"11":1,"12":1,"13":1},"f":{"0":3,"1":2,"2":1},"b":{"0":[1,1],"1":[1,0],"2":[1,1]}}
,"C:\\Users\\nowak\\bApka_A\\backend\\src\\auth\\auth.module.ts": {"path":"C:\\Users\\nowak\\bApka_A\\backend\\src\\auth\\auth.module.ts","statementMap":{"0":{"start":{"line":1,"column":0},"end":{"line":1,"column":40}},"1":{"start":{"line":2,"column":0},"end":{"line":2,"column":45}},"2":{"start":{"line":3,"column":0},"end":{"line":3,"column":51}},"3":{"start":{"line":4,"column":0},"end":{"line":4,"column":40}},"4":{"start":{"line":5,"column":0},"end":{"line":5,"column":50}},"5":{"start":{"line":6,"column":0},"end":{"line":6,"column":55}},"6":{"start":{"line":7,"column":0},"end":{"line":7,"column":45}},"7":{"start":{"line":22,"column":7},"end":{"line":22,"column":null}},"8":{"start":{"line":22,"column":13},"end":{"line":22,"column":23}},"9":{"start":{"line":22,"column":13},"end":{"line":22,"column":null}}},"fnMap":{},"branchMap":{"0":{"loc":{"start":{"line":14,"column":14},"end":{"line":14,"column":62}},"type":"binary-expr","locations":[{"start":{"line":14,"column":14},"end":{"line":14,"column":36}},{"start":{"line":14,"column":40},"end":{"line":14,"column":62}}]}},"s":{"0":0,"1":0,"2":0,"3":0,"4":0,"5":0,"6":0,"7":0,"8":0,"9":0},"f":{},"b":{"0":[0,0]}}
,"C:\\Users\\nowak\\bApka_A\\backend\\src\\auth\\auth.service.ts": {"path":"C:\\Users\\nowak\\bApka_A\\backend\\src\\auth\\auth.service.ts","statementMap":{"0":{"start":{"line":1,"column":0},"end":{"line":1,"column":88}},"1":{"start":{"line":2,"column":0},"end":{"line":2,"column":57}},"2":{"start":{"line":3,"column":0},"end":{"line":3,"column":41}},"3":{"start":{"line":4,"column":0},"end":{"line":4,"column":46}},"4":{"start":{"line":5,"column":0},"end":{"line":5,"column":33}},"5":{"start":{"line":8,"column":2},"end":{"line":8,"column":43}},"6":{"start":{"line":8,"column":33},"end":{"line":8,"column":43}},"7":{"start":{"line":9,"column":2},"end":{"line":9,"column":36}},"8":{"start":{"line":13,"column":7},"end":{"line":94,"column":null}},"9":{"start":{"line":15,"column":12},"end":{"line":15,"column":20}},"10":{"start":{"line":16,"column":12},"end":{"line":16,"column":24}},"11":{"start":{"line":20,"column":4},"end":{"line":22,"column":5}},"12":{"start":{"line":21,"column":6},"end":{"line":21,"column":17}},"13":{"start":{"line":23,"column":4},"end":{"line":23,"column":26}},"14":{"start":{"line":27,"column":20},"end":{"line":27,"column":65}},"15":{"start":{"line":28,"column":4},"end":{"line":28,"column":30}},"16":{"start":{"line":28,"column":18},"end":{"line":28,"column":30}},"17":{"start":{"line":29,"column":17},"end":{"line":31,"column":6}},"18":{"start":{"line":32,"column":4},"end":{"line":35,"column":5}},"19":{"start":{"line":33,"column":38},"end":{"line":33,"column":42}},"20":{"start":{"line":34,"column":6},"end":{"line":34,"column":20}},"21":{"start":{"line":36,"column":4},"end":{"line":36,"column":16}},"22":{"start":{"line":40,"column":20},"end":{"line":40,"column":72}},"23":{"start":{"line":41,"column":4},"end":{"line":49,"column":6}},"24":{"start":{"line":53,"column":18},"end":{"line":53,"column":45}},"25":{"start":{"line":54,"column":4},"end":{"line":56,"column":5}},"26":{"start":{"line":55,"column":6},"end":{"line":55,"column":70}},"27":{"start":{"line":58,"column":21},"end":{"line":58,"column":35}},"28":{"start":{"line":59,"column":4},"end":{"line":61,"column":5}},"29":{"start":{"line":60,"column":6},"end":{"line":60,"column":77}},"30":{"start":{"line":63,"column":21},"end":{"line":65,"column":6}},"31":{"start":{"line":66,"column":4},"end":{"line":70,"column":5}},"32":{"start":{"line":67,"column":6},"end":{"line":69,"column":8}},"33":{"start":{"line":72,"column":17},"end":{"line":72,"column":51}},"34":{"start":{"line":74,"column":27},"end":{"line":74,"column":58}},"35":{"start":{"line":76,"column":4},"end":{"line":92,"column":5}},"36":{"start":{"line":77,"column":19},"end":{"line":83,"column":8}},"37":{"start":{"line":84,"column":6},"end":{"line":84,"column":30}},"38":{"start":{"line":86,"column":6},"end":{"line":90,"column":7}},"39":{"start":{"line":87,"column":8},"end":{"line":89,"column":10}},"40":{"start":{"line":91,"column":6},"end":{"line":91,"column":14}},"41":{"start":{"line":13,"column":13},"end":{"line":13,"column":24}},"42":{"start":{"line":13,"column":13},"end":{"line":94,"column":null}}},"fnMap":{"0":{"name":"normalizeEmail","decl":{"start":{"line":7,"column":9},"end":{"line":7,"column":23}},"loc":{"start":{"line":7,"column":38},"end":{"line":10,"column":1}}},"1":{"name":"(anonymous_12)","decl":{"start":{"line":14,"column":2},"end":{"line":14,"column":null}},"loc":{"start":{"line":16,"column":34},"end":{"line":17,"column":6}}},"2":{"name":"(anonymous_13)","decl":{"start":{"line":19,"column":10},"end":{"line":19,"column":27}},"loc":{"start":{"line":19,"column":40},"end":{"line":24,"column":3}}},"3":{"name":"(anonymous_14)","decl":{"start":{"line":26,"column":2},"end":{"line":26,"column":7}},"loc":{"start":{"line":26,"column":48},"end":{"line":37,"column":3}}},"4":{"name":"(anonymous_15)","decl":{"start":{"line":39,"column":2},"end":{"line":39,"column":7}},"loc":{"start":{"line":39,"column":23},"end":{"line":50,"column":3}}},"5":{"name":"(anonymous_16)","decl":{"start":{"line":52,"column":2},"end":{"line":52,"column":7}},"loc":{"start":{"line":52,"column":26},"end":{"line":93,"column":3}}}},"branchMap":{"0":{"loc":{"start":{"line":8,"column":2},"end":{"line":8,"column":43}},"type":"if","locations":[{"start":{"line":8,"column":2},"end":{"line":8,"column":43}},{"start":{},"end":{}}]},"1":{"loc":{"start":{"line":20,"column":4},"end":{"line":22,"column":5}},"type":"if","locations":[{"start":{"line":20,"column":4},"end":{"line":22,"column":5}},{"start":{},"end":{}}]},"2":{"loc":{"start":{"line":20,"column":8},"end":{"line":20,"column":70}},"type":"binary-expr","locations":[{"start":{"line":20,"column":8},"end":{"line":20,"column":27}},{"start":{"line":20,"column":31},"end":{"line":20,"column":50}},{"start":{"line":20,"column":54},"end":{"line":20,"column":70}}]},"3":{"loc":{"start":{"line":27,"column":20},"end":{"line":27,"column":65}},"type":"cond-expr","locations":[{"start":{"line":27,"column":48},"end":{"line":27,"column":60}},{"start":{"line":27,"column":63},"end":{"line":27,"column":65}}]},"4":{"loc":{"start":{"line":28,"column":4},"end":{"line":28,"column":30}},"type":"if","locations":[{"start":{"line":28,"column":4},"end":{"line":28,"column":30}},{"start":{},"end":{}}]},"5":{"loc":{"start":{"line":32,"column":4},"end":{"line":35,"column":5}},"type":"if","locations":[{"start":{"line":32,"column":4},"end":{"line":35,"column":5}},{"start":{},"end":{}}]},"6":{"loc":{"start":{"line":32,"column":8},"end":{"line":32,"column":74}},"type":"binary-expr","locations":[{"start":{"line":32,"column":8},"end":{"line":32,"column":12}},{"start":{"line":32,"column":16},"end":{"line":32,"column":29}},{"start":{"line":32,"column":33},"end":{"line":32,"column":74}}]},"7":{"loc":{"start":{"line":54,"column":4},"end":{"line":56,"column":5}},"type":"if","locations":[{"start":{"line":54,"column":4},"end":{"line":56,"column":5}},{"start":{},"end":{}}]},"8":{"loc":{"start":{"line":54,"column":8},"end":{"line":54,"column":38}},"type":"binary-expr","locations":[{"start":{"line":54,"column":8},"end":{"line":54,"column":14}},{"start":{"line":54,"column":18},"end":{"line":54,"column":38}}]},"9":{"loc":{"start":{"line":59,"column":4},"end":{"line":61,"column":5}},"type":"if","locations":[{"start":{"line":59,"column":4},"end":{"line":61,"column":5}},{"start":{},"end":{}}]},"10":{"loc":{"start":{"line":59,"column":8},"end":{"line":59,"column":59}},"type":"binary-expr","locations":[{"start":{"line":59,"column":8},"end":{"line":59,"column":36}},{"start":{"line":59,"column":40},"end":{"line":59,"column":59}}]},"11":{"loc":{"start":{"line":66,"column":4},"end":{"line":70,"column":5}},"type":"if","locations":[{"start":{"line":66,"column":4},"end":{"line":70,"column":5}},{"start":{},"end":{}}]},"12":{"loc":{"start":{"line":86,"column":6},"end":{"line":90,"column":7}},"type":"if","locations":[{"start":{"line":86,"column":6},"end":{"line":90,"column":7}},{"start":{},"end":{}}]},"13":{"loc":{"start":{"line":86,"column":10},"end":{"line":86,"column":81}},"type":"binary-expr","locations":[{"start":{"line":86,"column":10},"end":{"line":86,"column":59}},{"start":{"line":86,"column":63},"end":{"line":86,"column":81}}]},"14":{"loc":{"start":{"line":15,"column":20},"end":{"line":15,"column":null}},"type":"cond-expr","locations":[{"start":{"line":15,"column":33},"end":{"line":15,"column":null}},{"start":{"line":15,"column":33},"end":{"line":15,"column":null}}]},"15":{"loc":{"start":{"line":15,"column":20},"end":{"line":15,"column":33}},"type":"binary-expr","locations":[{"start":{"line":15,"column":20},"end":{"line":15,"column":null}},{"start":{"line":15,"column":20},"end":{"line":15,"column":33}}]},"16":{"loc":{"start":{"line":15,"column":33},"end":{"line":16,"column":null}},"type":"cond-expr","locations":[{"start":{"line":16,"column":34},"end":{"line":16,"column":null}},{"start":{"line":16,"column":34},"end":{"line":16,"column":null}}]},"17":{"loc":{"start":{"line":15,"column":33},"end":{"line":16,"column":34}},"type":"binary-expr","locations":[{"start":{"line":15,"column":33},"end":{"line":16,"column":null}},{"start":{"line":16,"column":24},"end":{"line":16,"column":34}}]}},"s":{"0":2,"1":2,"2":2,"3":2,"4":2,"5":5,"6":0,"7":5,"8":2,"9":9,"10":9,"11":2,"12":1,"13":1,"14":3,"15":3,"16":1,"17":2,"18":2,"19":1,"20":1,"21":1,"22":2,"23":2,"24":5,"25":5,"26":1,"27":4,"28":4,"29":1,"30":3,"31":3,"32":1,"33":2,"34":2,"35":2,"36":2,"37":1,"38":1,"39":1,"40":0,"41":2,"42":2},"f":{"0":5,"1":9,"2":2,"3":3,"4":2,"5":5},"b":{"0":[0,5],"1":[1,1],"2":[2,1,1],"3":[3,0],"4":[1,2],"5":[1,1],"6":[2,2,2],"7":[1,4],"8":[5,5],"9":[1,3],"10":[4,4],"11":[1,2],"12":[1,0],"13":[1,1],"14":[2,0],"15":[2,2],"16":[2,0],"17":[2,2]}}
,"C:\\Users\\nowak\\bApka_A\\backend\\src\\auth\\jwt-auth.guard.ts": {"path":"C:\\Users\\nowak\\bApka_A\\backend\\src\\auth\\jwt-auth.guard.ts","statementMap":{"0":{"start":{"line":1,"column":0},"end":{"line":1,"column":44}},"1":{"start":{"line":2,"column":0},"end":{"line":2,"column":45}},"2":{"start":{"line":5,"column":7},"end":{"line":5,"column":null}},"3":{"start":{"line":5,"column":13},"end":{"line":5,"column":25}},"4":{"start":{"line":5,"column":13},"end":{"line":5,"column":null}}},"fnMap":{},"branchMap":{},"s":{"0":1,"1":1,"2":1,"3":1,"4":1},"f":{},"b":{}}
,"C:\\Users\\nowak\\bApka_A\\backend\\src\\auth\\jwt.strategy.ts": {"path":"C:\\Users\\nowak\\bApka_A\\backend\\src\\auth\\jwt.strategy.ts","statementMap":{"0":{"start":{"line":1,"column":0},"end":{"line":1,"column":52}},"1":{"start":{"line":2,"column":0},"end":{"line":2,"column":52}},"2":{"start":{"line":3,"column":0},"end":{"line":3,"column":67}},"3":{"start":{"line":4,"column":0},"end":{"line":4,"column":57}},"4":{"start":{"line":7,"column":7},"end":{"line":24,"column":null}},"5":{"start":{"line":9,"column":4},"end":{"line":13,"column":7}},"6":{"start":{"line":8,"column":22},"end":{"line":8,"column":30}},"7":{"start":{"line":17,"column":17},"end":{"line":17,"column":82}},"8":{"start":{"line":18,"column":4},"end":{"line":20,"column":5}},"9":{"start":{"line":19,"column":6},"end":{"line":19,"column":40}},"10":{"start":{"line":22,"column":4},"end":{"line":22,"column":67}},"11":{"start":{"line":7,"column":13},"end":{"line":7,"column":24}},"12":{"start":{"line":7,"column":13},"end":{"line":24,"column":null}}},"fnMap":{"0":{"name":"(anonymous_2)","decl":{"start":{"line":8,"column":2},"end":{"line":8,"column":22}},"loc":{"start":{"line":8,"column":43},"end":{"line":14,"column":3}}},"1":{"name":"(anonymous_3)","decl":{"start":{"line":16,"column":2},"end":{"line":16,"column":7}},"loc":{"start":{"line":16,"column":29},"end":{"line":23,"column":3}}}},"branchMap":{"0":{"loc":{"start":{"line":12,"column":19},"end":{"line":12,"column":67}},"type":"binary-expr","locations":[{"start":{"line":12,"column":19},"end":{"line":12,"column":41}},{"start":{"line":12,"column":45},"end":{"line":12,"column":67}}]},"1":{"loc":{"start":{"line":18,"column":4},"end":{"line":20,"column":5}},"type":"if","locations":[{"start":{"line":18,"column":4},"end":{"line":20,"column":5}},{"start":{},"end":{}}]},"2":{"loc":{"start":{"line":8,"column":30},"end":{"line":8,"column":null}},"type":"cond-expr","locations":[{"start":{"line":8,"column":43},"end":{"line":8,"column":null}},{"start":{"line":8,"column":43},"end":{"line":8,"column":null}}]},"3":{"loc":{"start":{"line":8,"column":30},"end":{"line":8,"column":43}},"type":"binary-expr","locations":[{"start":{"line":8,"column":30},"end":{"line":8,"column":null}},{"start":{"line":8,"column":30},"end":{"line":8,"column":43}}]}},"s":{"0":1,"1":1,"2":1,"3":1,"4":1,"5":2,"6":2,"7":2,"8":2,"9":1,"10":1,"11":1,"12":1},"f":{"0":2,"1":2},"b":{"0":[2,2],"1":[1,1],"2":[1,0],"3":[1,1]}}
,"C:\\Users\\nowak\\bApka_A\\backend\\src\\cron\\cron.module.ts": {"path":"C:\\Users\\nowak\\bApka_A\\backend\\src\\cron\\cron.module.ts","statementMap":{"0":{"start":{"line":1,"column":0},"end":{"line":1,"column":40}},"1":{"start":{"line":2,"column":0},"end":{"line":2,"column":45}},"2":{"start":{"line":3,"column":0},"end":{"line":3,"column":55}},"3":{"start":{"line":9,"column":7},"end":{"line":9,"column":null}},"4":{"start":{"line":9,"column":13},"end":{"line":9,"column":23}},"5":{"start":{"line":9,"column":13},"end":{"line":9,"column":null}}},"fnMap":{},"branchMap":{},"s":{"0":0,"1":0,"2":0,"3":0,"4":0,"5":0},"f":{},"b":{}}
,"C:\\Users\\nowak\\bApka_A\\backend\\src\\cron\\cron.service.ts": {"path":"C:\\Users\\nowak\\bApka_A\\backend\\src\\cron\\cron.service.ts","statementMap":{"0":{"start":{"line":1,"column":0},"end":{"line":1,"column":52}},"1":{"start":{"line":2,"column":0},"end":{"line":2,"column":56}},"2":{"start":{"line":3,"column":0},"end":{"line":3,"column":57}},"3":{"start":{"line":4,"column":0},"end":{"line":4,"column":39}},"4":{"start":{"line":7,"column":24},"end":{"line":100,"column":null}},"5":{"start":{"line":8,"column":28},"end":{"line":8,"column":56}},"6":{"start":{"line":9,"column":17},"end":{"line":9,"column":27}},"7":{"start":{"line":11,"column":22},"end":{"line":11,"column":30}},"8":{"start":{"line":15,"column":4},"end":{"line":15,"column":60}},"9":{"start":{"line":18,"column":16},"end":{"line":18,"column":26}},"10":{"start":{"line":19,"column":24},"end":{"line":19,"column":113}},"11":{"start":{"line":22,"column":22},"end":{"line":29,"column":6}},"12":{"start":{"line":31,"column":4},"end":{"line":74,"column":5}},"13":{"start":{"line":32,"column":6},"end":{"line":32,"column":113}},"14":{"start":{"line":35,"column":20},"end":{"line":35,"column":30}},"15":{"start":{"line":36,"column":6},"end":{"line":36,"column":33}},"16":{"start":{"line":38,"column":26},"end":{"line":45,"column":8}},"17":{"start":{"line":47,"column":6},"end":{"line":73,"column":7}},"18":{"start":{"line":49,"column":8},"end":{"line":55,"column":11}},"19":{"start":{"line":56,"column":8},"end":{"line":56,"column":81}},"20":{"start":{"line":59,"column":8},"end":{"line":72,"column":9}},"21":{"start":{"line":60,"column":10},"end":{"line":71,"column":11}},"22":{"start":{"line":61,"column":29},"end":{"line":67,"column":15}},"23":{"start":{"line":68,"column":12},"end":{"line":68,"column":84}},"24":{"start":{"line":70,"column":12},"end":{"line":70,"column":98}},"25":{"start":{"line":79,"column":4},"end":{"line":79,"column":58}},"26":{"start":{"line":81,"column":23},"end":{"line":81,"column":33}},"27":{"start":{"line":82,"column":4},"end":{"line":82,"column":51}},"28":{"start":{"line":84,"column":19},"end":{"line":94,"column":6}},"29":{"start":{"line":96,"column":4},"end":{"line":98,"column":5}},"30":{"start":{"line":97,"column":6},"end":{"line":97,"column":72}},"31":{"start":{"line":7,"column":13},"end":{"line":7,"column":24}},"32":{"start":{"line":14,"column":8},"end":{"line":75,"column":null}},"33":{"start":{"line":78,"column":8},"end":{"line":99,"column":null}},"34":{"start":{"line":7,"column":13},"end":{"line":100,"column":null}}},"fnMap":{"0":{"name":"(anonymous_2)","decl":{"start":{"line":11,"column":2},"end":{"line":11,"column":22}},"loc":{"start":{"line":11,"column":43},"end":{"line":11,"column":47}}},"1":{"name":"(anonymous_3)","decl":{"start":{"line":14,"column":8},"end":{"line":14,"column":33}},"loc":{"start":{"line":14,"column":33},"end":{"line":75,"column":3}}},"2":{"name":"(anonymous_4)","decl":{"start":{"line":78,"column":8},"end":{"line":78,"column":23}},"loc":{"start":{"line":78,"column":23},"end":{"line":99,"column":3}}}},"branchMap":{"0":{"loc":{"start":{"line":32,"column":49},"end":{"line":32,"column":92}},"type":"binary-expr","locations":[{"start":{"line":32,"column":49},"end":{"line":32,"column":68}},{"start":{"line":32,"column":72},"end":{"line":32,"column":92}}]},"1":{"loc":{"start":{"line":47,"column":6},"end":{"line":73,"column":7}},"type":"if","locations":[{"start":{"line":47,"column":6},"end":{"line":73,"column":7}},{"start":{},"end":{}}]},"2":{"loc":{"start":{"line":59,"column":8},"end":{"line":72,"column":9}},"type":"if","locations":[{"start":{"line":59,"column":8},"end":{"line":72,"column":9}},{"start":{},"end":{}}]},"3":{"loc":{"start":{"line":59,"column":12},"end":{"line":59,"column":82}},"type":"binary-expr","locations":[{"start":{"line":59,"column":12},"end":{"line":59,"column":34}},{"start":{"line":59,"column":38},"end":{"line":59,"column":82}}]},"4":{"loc":{"start":{"line":65,"column":45},"end":{"line":65,"column":84}},"type":"binary-expr","locations":[{"start":{"line":65,"column":45},"end":{"line":65,"column":64}},{"start":{"line":65,"column":68},"end":{"line":65,"column":84}}]},"5":{"loc":{"start":{"line":96,"column":4},"end":{"line":98,"column":5}},"type":"if","locations":[{"start":{"line":96,"column":4},"end":{"line":98,"column":5}},{"start":{},"end":{}}]},"6":{"loc":{"start":{"line":11,"column":30},"end":{"line":11,"column":46}},"type":"cond-expr","locations":[{"start":{"line":11,"column":43},"end":{"line":11,"column":46}},{"start":{"line":11,"column":43},"end":{"line":11,"column":46}}]},"7":{"loc":{"start":{"line":11,"column":30},"end":{"line":11,"column":43}},"type":"binary-expr","locations":[{"start":{"line":11,"column":30},"end":{"line":11,"column":46}},{"start":{"line":11,"column":30},"end":{"line":11,"column":43}}]}},"s":{"0":1,"1":1,"2":1,"3":1,"4":1,"5":3,"6":3,"7":3,"8":2,"9":2,"10":2,"11":2,"12":2,"13":2,"14":2,"15":2,"16":2,"17":2,"18":1,"19":1,"20":1,"21":1,"22":1,"23":1,"24":0,"25":1,"26":1,"27":1,"28":1,"29":1,"30":1,"31":1,"32":1,"33":1,"34":1},"f":{"0":3,"1":2,"2":1},"b":{"0":[2,1],"1":[1,1],"2":[1,0],"3":[1,1],"4":[1,0],"5":[1,0],"6":[1,0],"7":[1,1]}}
,"C:\\Users\\nowak\\bApka_A\\backend\\src\\inventory\\inventory.controller.ts": {"path":"C:\\Users\\nowak\\bApka_A\\backend\\src\\inventory\\inventory.controller.ts","statementMap":{"0":{"start":{"line":1,"column":0},"end":{"line":1,"column":83}},"1":{"start":{"line":2,"column":0},"end":{"line":2,"column":55}},"2":{"start":{"line":3,"column":0},"end":{"line":3,"column":56}},"3":{"start":{"line":7,"column":7},"end":{"line":45,"column":null}},"4":{"start":{"line":8,"column":31},"end":{"line":8,"column":49}},"5":{"start":{"line":13,"column":4},"end":{"line":13,"column":68}},"6":{"start":{"line":19,"column":4},"end":{"line":19,"column":49}},"7":{"start":{"line":25,"column":4},"end":{"line":25,"column":45}},"8":{"start":{"line":31,"column":4},"end":{"line":31,"column":56}},"9":{"start":{"line":37,"column":4},"end":{"line":37,"column":64}},"10":{"start":{"line":43,"column":4},"end":{"line":43,"column":44}},"11":{"start":{"line":7,"column":13},"end":{"line":7,"column":32}},"12":{"start":{"line":12,"column":2},"end":{"line":14,"column":null}},"13":{"start":{"line":18,"column":2},"end":{"line":20,"column":null}},"14":{"start":{"line":24,"column":2},"end":{"line":26,"column":null}},"15":{"start":{"line":30,"column":2},"end":{"line":32,"column":null}},"16":{"start":{"line":36,"column":2},"end":{"line":38,"column":null}},"17":{"start":{"line":42,"column":2},"end":{"line":44,"column":null}},"18":{"start":{"line":7,"column":13},"end":{"line":45,"column":null}}},"fnMap":{"0":{"name":"(anonymous_4)","decl":{"start":{"line":8,"column":2},"end":{"line":8,"column":31}},"loc":{"start":{"line":8,"column":65},"end":{"line":8,"column":69}}},"1":{"name":"(anonymous_5)","decl":{"start":{"line":12,"column":2},"end":{"line":12,"column":8}},"loc":{"start":{"line":12,"column":73},"end":{"line":14,"column":3}}},"2":{"name":"(anonymous_6)","decl":{"start":{"line":18,"column":2},"end":{"line":18,"column":9}},"loc":{"start":{"line":18,"column":41},"end":{"line":20,"column":3}}},"3":{"name":"(anonymous_7)","decl":{"start":{"line":24,"column":2},"end":{"line":24,"column":9}},"loc":{"start":{"line":24,"column":33},"end":{"line":26,"column":3}}},"4":{"name":"(anonymous_8)","decl":{"start":{"line":30,"column":2},"end":{"line":30,"column":14}},"loc":{"start":{"line":30,"column":38},"end":{"line":32,"column":3}}},"5":{"name":"(anonymous_9)","decl":{"start":{"line":36,"column":2},"end":{"line":36,"column":8}},"loc":{"start":{"line":36,"column":65},"end":{"line":38,"column":3}}},"6":{"name":"(anonymous_10)","decl":{"start":{"line":42,"column":2},"end":{"line":42,"column":8}},"loc":{"start":{"line":42,"column":32},"end":{"line":44,"column":3}}}},"branchMap":{"0":{"loc":{"start":{"line":8,"column":49},"end":{"line":8,"column":68}},"type":"cond-expr","locations":[{"start":{"line":8,"column":65},"end":{"line":8,"column":68}},{"start":{"line":8,"column":65},"end":{"line":8,"column":68}}]},"1":{"loc":{"start":{"line":8,"column":49},"end":{"line":8,"column":65}},"type":"binary-expr","locations":[{"start":{"line":8,"column":49},"end":{"line":8,"column":68}},{"start":{"line":8,"column":49},"end":{"line":8,"column":65}}]}},"s":{"0":1,"1":1,"2":1,"3":1,"4":2,"5":0,"6":1,"7":0,"8":1,"9":0,"10":0,"11":1,"12":1,"13":1,"14":1,"15":1,"16":1,"17":1,"18":1},"f":{"0":2,"1":0,"2":1,"3":0,"4":1,"5":0,"6":0},"b":{"0":[1,0],"1":[1,1]}}
,"C:\\Users\\nowak\\bApka_A\\backend\\src\\inventory\\inventory.module.ts": {"path":"C:\\Users\\nowak\\bApka_A\\backend\\src\\inventory\\inventory.module.ts","statementMap":{"0":{"start":{"line":1,"column":0},"end":{"line":1,"column":40}},"1":{"start":{"line":2,"column":0},"end":{"line":2,"column":55}},"2":{"start":{"line":3,"column":0},"end":{"line":3,"column":61}},"3":{"start":{"line":4,"column":0},"end":{"line":4,"column":55}},"4":{"start":{"line":12,"column":7},"end":{"line":12,"column":null}},"5":{"start":{"line":12,"column":13},"end":{"line":12,"column":28}},"6":{"start":{"line":12,"column":13},"end":{"line":12,"column":null}}},"fnMap":{},"branchMap":{},"s":{"0":0,"1":0,"2":0,"3":0,"4":0,"5":0,"6":0},"f":{},"b":{}}
,"C:\\Users\\nowak\\bApka_A\\backend\\src\\inventory\\inventory.service.ts": {"path":"C:\\Users\\nowak\\bApka_A\\backend\\src\\inventory\\inventory.service.ts","statementMap":{"0":{"start":{"line":1,"column":0},"end":{"line":1,"column":44}},"1":{"start":{"line":2,"column":0},"end":{"line":2,"column":57}},"2":{"start":{"line":5,"column":7},"end":{"line":121,"column":null}},"3":{"start":{"line":6,"column":22},"end":{"line":6,"column":30}},"4":{"start":{"line":9,"column":4},"end":{"line":19,"column":7}},"5":{"start":{"line":23,"column":4},"end":{"line":25,"column":7}},"6":{"start":{"line":29,"column":4},"end":{"line":31,"column":7}},"7":{"start":{"line":35,"column":4},"end":{"line":38,"column":7}},"8":{"start":{"line":42,"column":17},"end":{"line":45,"column":6}},"9":{"start":{"line":46,"column":4},"end":{"line":48,"column":5}},"10":{"start":{"line":47,"column":6},"end":{"line":47,"column":61}},"11":{"start":{"line":50,"column":22},"end":{"line":58,"column":6}},"12":{"start":{"line":59,"column":24},"end":{"line":59,"column":50}},"13":{"start":{"line":59,"column":45},"end":{"line":59,"column":49}},"14":{"start":{"line":60,"column":4},"end":{"line":67,"column":5}},"15":{"start":{"line":61,"column":6},"end":{"line":63,"column":9}},"16":{"start":{"line":64,"column":6},"end":{"line":66,"column":9}},"17":{"start":{"line":68,"column":4},"end":{"line":70,"column":7}},"18":{"start":{"line":74,"column":4},"end":{"line":74,"column":34}},"19":{"start":{"line":74,"column":25},"end":{"line":74,"column":34}},"20":{"start":{"line":75,"column":14},"end":{"line":75,"column":57}},"21":{"start":{"line":76,"column":4},"end":{"line":76,"column":31}},"22":{"start":{"line":76,"column":22},"end":{"line":76,"column":31}},"23":{"start":{"line":77,"column":4},"end":{"line":77,"column":13}},"24":{"start":{"line":81,"column":22},"end":{"line":84,"column":6}},"25":{"start":{"line":85,"column":4},"end":{"line":85,"column":32}},"26":{"start":{"line":85,"column":20},"end":{"line":85,"column":32}},"27":{"start":{"line":87,"column":25},"end":{"line":87,"column":76}},"28":{"start":{"line":88,"column":22},"end":{"line":89,"column":null}},"29":{"start":{"line":89,"column":13},"end":{"line":89,"column":30}},"30":{"start":{"line":92,"column":4},"end":{"line":94,"column":5}},"31":{"start":{"line":93,"column":6},"end":{"line":93,"column":56}},"32":{"start":{"line":96,"column":23},"end":{"line":96,"column":24}},"33":{"start":{"line":97,"column":4},"end":{"line":106,"column":5}},"34":{"start":{"line":98,"column":20},"end":{"line":98,"column":51}},"35":{"start":{"line":100,"column":8},"end":{"line":104,"column":15}},"36":{"start":{"line":105,"column":6},"end":{"line":105,"column":35}},"37":{"start":{"line":108,"column":4},"end":{"line":110,"column":5}},"38":{"start":{"line":109,"column":6},"end":{"line":109,"column":56}},"39":{"start":{"line":112,"column":24},"end":{"line":112,"column":40}},"40":{"start":{"line":114,"column":6},"end":{"line":114,"column":68}},"41":{"start":{"line":116,"column":4},"end":{"line":119,"column":6}},"42":{"start":{"line":5,"column":13},"end":{"line":5,"column":29}},"43":{"start":{"line":5,"column":13},"end":{"line":121,"column":null}}},"fnMap":{"0":{"name":"(anonymous_2)","decl":{"start":{"line":6,"column":2},"end":{"line":6,"column":22}},"loc":{"start":{"line":6,"column":43},"end":{"line":6,"column":47}}},"1":{"name":"(anonymous_3)","decl":{"start":{"line":8,"column":2},"end":{"line":8,"column":7}},"loc":{"start":{"line":8,"column":40},"end":{"line":20,"column":3}}},"2":{"name":"(anonymous_4)","decl":{"start":{"line":22,"column":2},"end":{"line":22,"column":7}},"loc":{"start":{"line":22,"column":30},"end":{"line":26,"column":3}}},"3":{"name":"(anonymous_5)","decl":{"start":{"line":28,"column":2},"end":{"line":28,"column":7}},"loc":{"start":{"line":28,"column":26},"end":{"line":32,"column":3}}},"4":{"name":"(anonymous_6)","decl":{"start":{"line":34,"column":2},"end":{"line":34,"column":7}},"loc":{"start":{"line":34,"column":36},"end":{"line":39,"column":3}}},"5":{"name":"(anonymous_7)","decl":{"start":{"line":41,"column":2},"end":{"line":41,"column":7}},"loc":{"start":{"line":41,"column":25},"end":{"line":71,"column":3}}},"6":{"name":"(anonymous_8)","decl":{"start":{"line":59,"column":38},"end":{"line":59,"column":39}},"loc":{"start":{"line":59,"column":45},"end":{"line":59,"column":49}}},"7":{"name":"(anonymous_9)","decl":{"start":{"line":73,"column":10},"end":{"line":73,"column":26}},"loc":{"start":{"line":73,"column":49},"end":{"line":78,"column":3}}},"8":{"name":"(anonymous_10)","decl":{"start":{"line":80,"column":2},"end":{"line":80,"column":7}},"loc":{"start":{"line":80,"column":37},"end":{"line":120,"column":3}}},"9":{"name":"(anonymous_11)","decl":{"start":{"line":89,"column":6},"end":{"line":89,"column":7}},"loc":{"start":{"line":89,"column":13},"end":{"line":89,"column":30}}}},"branchMap":{"0":{"loc":{"start":{"line":13,"column":14},"end":{"line":13,"column":39}},"type":"binary-expr","locations":[{"start":{"line":13,"column":14},"end":{"line":13,"column":23}},{"start":{"line":13,"column":27},"end":{"line":13,"column":39}}]},"1":{"loc":{"start":{"line":16,"column":22},"end":{"line":16,"column":58}},"type":"binary-expr","locations":[{"start":{"line":16,"column":22},"end":{"line":16,"column":39}},{"start":{"line":16,"column":43},"end":{"line":16,"column":58}}]},"2":{"loc":{"start":{"line":17,"column":22},"end":{"line":17,"column":44}},"type":"binary-expr","locations":[{"start":{"line":17,"column":22},"end":{"line":17,"column":39}},{"start":{"line":17,"column":43},"end":{"line":17,"column":44}}]},"3":{"loc":{"start":{"line":46,"column":4},"end":{"line":48,"column":5}},"type":"if","locations":[{"start":{"line":46,"column":4},"end":{"line":48,"column":5}},{"start":{},"end":{}}]},"4":{"loc":{"start":{"line":60,"column":4},"end":{"line":67,"column":5}},"type":"if","locations":[{"start":{"line":60,"column":4},"end":{"line":67,"column":5}},{"start":{},"end":{}}]},"5":{"loc":{"start":{"line":74,"column":4},"end":{"line":74,"column":34}},"type":"if","locations":[{"start":{"line":74,"column":4},"end":{"line":74,"column":34}},{"start":{},"end":{}}]},"6":{"loc":{"start":{"line":76,"column":4},"end":{"line":76,"column":31}},"type":"if","locations":[{"start":{"line":76,"column":4},"end":{"line":76,"column":31}},{"start":{},"end":{}}]},"7":{"loc":{"start":{"line":76,"column":8},"end":{"line":76,"column":20}},"type":"binary-expr","locations":[{"start":{"line":76,"column":8},"end":{"line":76,"column":10}},{"start":{"line":76,"column":14},"end":{"line":76,"column":20}}]},"8":{"loc":{"start":{"line":85,"column":4},"end":{"line":85,"column":32}},"type":"if","locations":[{"start":{"line":85,"column":4},"end":{"line":85,"column":32}},{"start":{},"end":{}}]},"9":{"loc":{"start":{"line":87,"column":25},"end":{"line":87,"column":76}},"type":"binary-expr","locations":[{"start":{"line":87,"column":25},"end":{"line":87,"column":47}},{"start":{"line":87,"column":51},"end":{"line":87,"column":71}},{"start":{"line":87,"column":75},"end":{"line":87,"column":76}}]},"10":{"loc":{"start":{"line":92,"column":4},"end":{"line":94,"column":5}},"type":"if","locations":[{"start":{"line":92,"column":4},"end":{"line":94,"column":5}},{"start":{},"end":{}}]},"11":{"loc":{"start":{"line":100,"column":8},"end":{"line":104,"column":15}},"type":"cond-expr","locations":[{"start":{"line":101,"column":12},"end":{"line":101,"column":31}},{"start":{"line":102,"column":12},"end":{"line":104,"column":15}}]},"12":{"loc":{"start":{"line":100,"column":8},"end":{"line":100,"column":47}},"type":"binary-expr","locations":[{"start":{"line":100,"column":8},"end":{"line":100,"column":20}},{"start":{"line":100,"column":24},"end":{"line":100,"column":47}}]},"13":{"loc":{"start":{"line":102,"column":12},"end":{"line":104,"column":15}},"type":"cond-expr","locations":[{"start":{"line":103,"column":14},"end":{"line":103,"column":15}},{"start":{"line":104,"column":14},"end":{"line":104,"column":15}}]},"14":{"loc":{"start":{"line":108,"column":4},"end":{"line":110,"column":5}},"type":"if","locations":[{"start":{"line":108,"column":4},"end":{"line":110,"column":5}},{"start":{},"end":{}}]},"15":{"loc":{"start":{"line":114,"column":6},"end":{"line":114,"column":68}},"type":"cond-expr","locations":[{"start":{"line":114,"column":24},"end":{"line":114,"column":62}},{"start":{"line":114,"column":65},"end":{"line":114,"column":68}}]},"16":{"loc":{"start":{"line":6,"column":30},"end":{"line":6,"column":46}},"type":"cond-expr","locations":[{"start":{"line":6,"column":43},"end":{"line":6,"column":46}},{"start":{"line":6,"column":43},"end":{"line":6,"column":46}}]},"17":{"loc":{"start":{"line":6,"column":30},"end":{"line":6,"column":43}},"type":"binary-expr","locations":[{"start":{"line":6,"column":30},"end":{"line":6,"column":46}},{"start":{"line":6,"column":30},"end":{"line":6,"column":43}}]}},"s":{"0":2,"1":2,"2":2,"3":5,"4":1,"5":0,"6":0,"7":0,"8":1,"9":1,"10":0,"11":1,"12":1,"13":2,"14":1,"15":1,"16":1,"17":1,"18":1,"19":0,"20":1,"21":1,"22":0,"23":1,"24":3,"25":3,"26":1,"27":2,"28":2,"29":2,"30":2,"31":1,"32":1,"33":1,"34":1,"35":1,"36":1,"37":1,"38":0,"39":1,"40":1,"41":1,"42":2,"43":2},"f":{"0":5,"1":1,"2":0,"3":0,"4":0,"5":1,"6":2,"7":1,"8":3,"9":2},"b":{"0":[1,1],"1":[1,1],"2":[1,1],"3":[0,1],"4":[1,0],"5":[0,1],"6":[0,1],"7":[1,1],"8":[1,2],"9":[2,0,0],"10":[1,1],"11":[1,0],"12":[1,1],"13":[0,0],"14":[0,1],"15":[1,0],"16":[2,0],"17":[2,2]}}
,"C:\\Users\\nowak\\bApka_A\\backend\\src\\iot\\iot.controller.ts": {"path":"C:\\Users\\nowak\\bApka_A\\backend\\src\\iot\\iot.controller.ts","statementMap":{"0":{"start":{"line":1,"column":0},"end":{"line":1,"column":44}},"1":{"start":{"line":4,"column":7},"end":{"line":4,"column":null}},"2":{"start":{"line":4,"column":13},"end":{"line":4,"column":26}},"3":{"start":{"line":4,"column":13},"end":{"line":4,"column":null}}},"fnMap":{},"branchMap":{},"s":{"0":1,"1":1,"2":1,"3":1},"f":{},"b":{}}
,"C:\\Users\\nowak\\bApka_A\\backend\\src\\iot\\iot.module.ts": {"path":"C:\\Users\\nowak\\bApka_A\\backend\\src\\iot\\iot.module.ts","statementMap":{"0":{"start":{"line":1,"column":0},"end":{"line":1,"column":40}},"1":{"start":{"line":2,"column":0},"end":{"line":2,"column":49}},"2":{"start":{"line":3,"column":0},"end":{"line":3,"column":43}},"3":{"start":{"line":9,"column":7},"end":{"line":9,"column":null}},"4":{"start":{"line":9,"column":13},"end":{"line":9,"column":22}},"5":{"start":{"line":9,"column":13},"end":{"line":9,"column":null}}},"fnMap":{},"branchMap":{},"s":{"0":0,"1":0,"2":0,"3":0,"4":0,"5":0},"f":{},"b":{}}
,"C:\\Users\\nowak\\bApka_A\\backend\\src\\iot\\iot.service.ts": {"path":"C:\\Users\\nowak\\bApka_A\\backend\\src\\iot\\iot.service.ts","statementMap":{"0":{"start":{"line":1,"column":0},"end":{"line":1,"column":44}},"1":{"start":{"line":4,"column":7},"end":{"line":4,"column":null}},"2":{"start":{"line":4,"column":13},"end":{"line":4,"column":23}},"3":{"start":{"line":4,"column":13},"end":{"line":4,"column":null}}},"fnMap":{},"branchMap":{},"s":{"0":1,"1":1,"2":1,"3":1},"f":{},"b":{}}
,"C:\\Users\\nowak\\bApka_A\\backend\\src\\notifications\\notifications.module.ts": {"path":"C:\\Users\\nowak\\bApka_A\\backend\\src\\notifications\\notifications.module.ts","statementMap":{"0":{"start":{"line":1,"column":0},"end":{"line":1,"column":40}},"1":{"start":{"line":2,"column":0},"end":{"line":2,"column":63}},"2":{"start":{"line":7,"column":7},"end":{"line":7,"column":null}},"3":{"start":{"line":7,"column":13},"end":{"line":7,"column":32}},"4":{"start":{"line":7,"column":13},"end":{"line":7,"column":null}}},"fnMap":{},"branchMap":{},"s":{"0":0,"1":0,"2":0,"3":0,"4":0},"f":{},"b":{}}
,"C:\\Users\\nowak\\bApka_A\\backend\\src\\notifications\\notifications.service.ts": {"path":"C:\\Users\\nowak\\bApka_A\\backend\\src\\notifications\\notifications.service.ts","statementMap":{"0":{"start":{"line":1,"column":0},"end":{"line":1,"column":44}},"1":{"start":{"line":4,"column":7},"end":{"line":4,"column":null}},"2":{"start":{"line":4,"column":13},"end":{"line":4,"column":33}},"3":{"start":{"line":4,"column":13},"end":{"line":4,"column":null}}},"fnMap":{},"branchMap":{},"s":{"0":1,"1":1,"2":1,"3":1},"f":{},"b":{}}
,"C:\\Users\\nowak\\bApka_A\\backend\\src\\prisma\\prisma.module.ts": {"path":"C:\\Users\\nowak\\bApka_A\\backend\\src\\prisma\\prisma.module.ts","statementMap":{"0":{"start":{"line":1,"column":0},"end":{"line":1,"column":48}},"1":{"start":{"line":2,"column":0},"end":{"line":2,"column":49}},"2":{"start":{"line":9,"column":7},"end":{"line":9,"column":null}},"3":{"start":{"line":9,"column":13},"end":{"line":9,"column":25}},"4":{"start":{"line":9,"column":13},"end":{"line":9,"column":null}}},"fnMap":{},"branchMap":{},"s":{"0":0,"1":0,"2":0,"3":0,"4":0},"f":{},"b":{}}
,"C:\\Users\\nowak\\bApka_A\\backend\\src\\prisma\\prisma.service.ts": {"path":"C:\\Users\\nowak\\bApka_A\\backend\\src\\prisma\\prisma.service.ts","statementMap":{"0":{"start":{"line":1,"column":0},"end":{"line":1,"column":75}},"1":{"start":{"line":2,"column":0},"end":{"line":2,"column":46}},"2":{"start":{"line":3,"column":0},"end":{"line":3,"column":26}},"3":{"start":{"line":4,"column":0},"end":{"line":4,"column":46}},"4":{"start":{"line":7,"column":7},"end":{"line":29,"column":null}},"5":{"start":{"line":11,"column":17},"end":{"line":11,"column":73}},"6":{"start":{"line":12,"column":20},"end":{"line":12,"column":38}},"7":{"start":{"line":13,"column":4},"end":{"line":13,"column":48}},"8":{"start":{"line":17,"column":4},"end":{"line":17,"column":33}},"9":{"start":{"line":21,"column":4},"end":{"line":21,"column":36}},"10":{"start":{"line":24,"column":15},"end":{"line":24,"column":39}},"11":{"start":{"line":25,"column":20},"end":{"line":25,"column":49}},"12":{"start":{"line":26,"column":19},"end":{"line":26,"column":47}},"13":{"start":{"line":27,"column":18},"end":{"line":27,"column":45}},"14":{"start":{"line":28,"column":21},"end":{"line":28,"column":51}},"15":{"start":{"line":7,"column":13},"end":{"line":7,"column":26}},"16":{"start":{"line":7,"column":13},"end":{"line":29,"column":null}}},"fnMap":{"0":{"name":"(anonymous_2)","decl":{"start":{"line":10,"column":2},"end":{"line":10,"column":null}},"loc":{"start":{"line":10,"column":2},"end":{"line":14,"column":3}}},"1":{"name":"(anonymous_3)","decl":{"start":{"line":16,"column":2},"end":{"line":16,"column":7}},"loc":{"start":{"line":16,"column":20},"end":{"line":18,"column":3}}},"2":{"name":"(anonymous_4)","decl":{"start":{"line":20,"column":2},"end":{"line":20,"column":7}},"loc":{"start":{"line":20,"column":23},"end":{"line":22,"column":3}}},"3":{"name":"(anonymous_5)","decl":{"start":{"line":24,"column":2},"end":{"line":24,"column":6}},"loc":{"start":{"line":24,"column":10},"end":{"line":24,"column":41}}},"4":{"name":"(anonymous_6)","decl":{"start":{"line":25,"column":2},"end":{"line":25,"column":6}},"loc":{"start":{"line":25,"column":15},"end":{"line":25,"column":51}}},"5":{"name":"(anonymous_7)","decl":{"start":{"line":26,"column":2},"end":{"line":26,"column":6}},"loc":{"start":{"line":26,"column":14},"end":{"line":26,"column":49}}},"6":{"name":"(anonymous_8)","decl":{"start":{"line":27,"column":2},"end":{"line":27,"column":6}},"loc":{"start":{"line":27,"column":13},"end":{"line":27,"column":47}}},"7":{"name":"(anonymous_9)","decl":{"start":{"line":28,"column":2},"end":{"line":28,"column":6}},"loc":{"start":{"line":28,"column":16},"end":{"line":28,"column":53}}}},"branchMap":{},"s":{"0":11,"1":11,"2":11,"3":11,"4":11,"5":1,"6":1,"7":1,"8":0,"9":0,"10":0,"11":0,"12":0,"13":0,"14":0,"15":11,"16":11},"f":{"0":1,"1":0,"2":0,"3":0,"4":0,"5":0,"6":0,"7":0},"b":{}}
,"C:\\Users\\nowak\\bApka_A\\backend\\src\\schedules\\schedules.controller.ts": {"path":"C:\\Users\\nowak\\bApka_A\\backend\\src\\schedules\\schedules.controller.ts","statementMap":{"0":{"start":{"line":1,"column":0},"end":{"line":1,"column":83}},"1":{"start":{"line":2,"column":0},"end":{"line":2,"column":55}},"2":{"start":{"line":5,"column":7},"end":{"line":42,"column":null}},"3":{"start":{"line":6,"column":31},"end":{"line":6,"column":49}},"4":{"start":{"line":10,"column":4},"end":{"line":10,"column":67}},"5":{"start":{"line":15,"column":4},"end":{"line":15,"column":49}},"6":{"start":{"line":20,"column":4},"end":{"line":20,"column":45}},"7":{"start":{"line":25,"column":4},"end":{"line":25,"column":63}},"8":{"start":{"line":30,"column":4},"end":{"line":30,"column":44}},"9":{"start":{"line":35,"column":4},"end":{"line":35,"column":58}},"10":{"start":{"line":40,"column":4},"end":{"line":40,"column":62}},"11":{"start":{"line":5,"column":13},"end":{"line":5,"column":32}},"12":{"start":{"line":9,"column":2},"end":{"line":11,"column":null}},"13":{"start":{"line":14,"column":2},"end":{"line":16,"column":null}},"14":{"start":{"line":19,"column":2},"end":{"line":21,"column":null}},"15":{"start":{"line":24,"column":2},"end":{"line":26,"column":null}},"16":{"start":{"line":29,"column":2},"end":{"line":31,"column":null}},"17":{"start":{"line":34,"column":2},"end":{"line":36,"column":null}},"18":{"start":{"line":39,"column":2},"end":{"line":41,"column":null}},"19":{"start":{"line":5,"column":13},"end":{"line":42,"column":null}}},"fnMap":{"0":{"name":"(anonymous_4)","decl":{"start":{"line":6,"column":2},"end":{"line":6,"column":31}},"loc":{"start":{"line":6,"column":65},"end":{"line":6,"column":69}}},"1":{"name":"(anonymous_5)","decl":{"start":{"line":9,"column":2},"end":{"line":9,"column":8}},"loc":{"start":{"line":9,"column":72},"end":{"line":11,"column":3}}},"2":{"name":"(anonymous_6)","decl":{"start":{"line":14,"column":2},"end":{"line":14,"column":9}},"loc":{"start":{"line":14,"column":41},"end":{"line":16,"column":3}}},"3":{"name":"(anonymous_7)","decl":{"start":{"line":19,"column":2},"end":{"line":19,"column":9}},"loc":{"start":{"line":19,"column":33},"end":{"line":21,"column":3}}},"4":{"name":"(anonymous_8)","decl":{"start":{"line":24,"column":2},"end":{"line":24,"column":8}},"loc":{"start":{"line":24,"column":64},"end":{"line":26,"column":3}}},"5":{"name":"(anonymous_9)","decl":{"start":{"line":29,"column":2},"end":{"line":29,"column":8}},"loc":{"start":{"line":29,"column":32},"end":{"line":31,"column":3}}},"6":{"name":"(anonymous_10)","decl":{"start":{"line":34,"column":2},"end":{"line":34,"column":18}},"loc":{"start":{"line":34,"column":50},"end":{"line":36,"column":3}}},"7":{"name":"(anonymous_11)","decl":{"start":{"line":39,"column":2},"end":{"line":39,"column":10}},"loc":{"start":{"line":39,"column":94},"end":{"line":41,"column":3}}}},"branchMap":{"0":{"loc":{"start":{"line":6,"column":49},"end":{"line":6,"column":68}},"type":"cond-expr","locations":[{"start":{"line":6,"column":65},"end":{"line":6,"column":68}},{"start":{"line":6,"column":65},"end":{"line":6,"column":68}}]},"1":{"loc":{"start":{"line":6,"column":49},"end":{"line":6,"column":65}},"type":"binary-expr","locations":[{"start":{"line":6,"column":49},"end":{"line":6,"column":68}},{"start":{"line":6,"column":49},"end":{"line":6,"column":65}}]}},"s":{"0":1,"1":1,"2":1,"3":2,"4":1,"5":0,"6":0,"7":0,"8":0,"9":0,"10":1,"11":1,"12":1,"13":1,"14":1,"15":1,"16":1,"17":1,"18":1,"19":1},"f":{"0":2,"1":1,"2":0,"3":0,"4":0,"5":0,"6":0,"7":1},"b":{"0":[1,0],"1":[1,1]}}
,"C:\\Users\\nowak\\bApka_A\\backend\\src\\schedules\\schedules.module.ts": {"path":"C:\\Users\\nowak\\bApka_A\\backend\\src\\schedules\\schedules.module.ts","statementMap":{"0":{"start":{"line":1,"column":0},"end":{"line":1,"column":40}},"1":{"start":{"line":2,"column":0},"end":{"line":2,"column":61}},"2":{"start":{"line":3,"column":0},"end":{"line":3,"column":55}},"3":{"start":{"line":9,"column":7},"end":{"line":9,"column":null}},"4":{"start":{"line":9,"column":13},"end":{"line":9,"column":28}},"5":{"start":{"line":9,"column":13},"end":{"line":9,"column":null}}},"fnMap":{},"branchMap":{},"s":{"0":0,"1":0,"2":0,"3":0,"4":0,"5":0},"f":{},"b":{}}
,"C:\\Users\\nowak\\bApka_A\\backend\\src\\schedules\\schedules.service.ts": {"path":"C:\\Users\\nowak\\bApka_A\\backend\\src\\schedules\\schedules.service.ts","statementMap":{"0":{"start":{"line":1,"column":0},"end":{"line":1,"column":44}},"1":{"start":{"line":2,"column":0},"end":{"line":2,"column":57}},"2":{"start":{"line":5,"column":7},"end":{"line":100,"column":null}},"3":{"start":{"line":6,"column":22},"end":{"line":6,"column":30}},"4":{"start":{"line":9,"column":4},"end":{"line":22,"column":7}},"5":{"start":{"line":26,"column":4},"end":{"line":28,"column":7}},"6":{"start":{"line":32,"column":4},"end":{"line":34,"column":7}},"7":{"start":{"line":38,"column":4},"end":{"line":41,"column":7}},"8":{"start":{"line":45,"column":4},"end":{"line":47,"column":7}},"9":{"start":{"line":51,"column":18},"end":{"line":51,"column":28}},"10":{"start":{"line":52,"column":4},"end":{"line":52,"column":31}},"11":{"start":{"line":54,"column":4},"end":{"line":63,"column":7}},"12":{"start":{"line":67,"column":18},"end":{"line":67,"column":28}},"13":{"start":{"line":68,"column":4},"end":{"line":68,"column":31}},"14":{"start":{"line":70,"column":24},"end":{"line":77,"column":6}},"15":{"start":{"line":79,"column":4},"end":{"line":98,"column":5}},"16":{"start":{"line":80,"column":6},"end":{"line":87,"column":9}},"17":{"start":{"line":89,"column":6},"end":{"line":97,"column":9}},"18":{"start":{"line":5,"column":13},"end":{"line":5,"column":29}},"19":{"start":{"line":5,"column":13},"end":{"line":100,"column":null}}},"fnMap":{"0":{"name":"(anonymous_2)","decl":{"start":{"line":6,"column":2},"end":{"line":6,"column":22}},"loc":{"start":{"line":6,"column":43},"end":{"line":6,"column":47}}},"1":{"name":"(anonymous_3)","decl":{"start":{"line":8,"column":2},"end":{"line":8,"column":7}},"loc":{"start":{"line":8,"column":40},"end":{"line":23,"column":3}}},"2":{"name":"(anonymous_4)","decl":{"start":{"line":25,"column":2},"end":{"line":25,"column":7}},"loc":{"start":{"line":25,"column":30},"end":{"line":29,"column":3}}},"3":{"name":"(anonymous_5)","decl":{"start":{"line":31,"column":2},"end":{"line":31,"column":7}},"loc":{"start":{"line":31,"column":26},"end":{"line":35,"column":3}}},"4":{"name":"(anonymous_6)","decl":{"start":{"line":37,"column":2},"end":{"line":37,"column":7}},"loc":{"start":{"line":37,"column":36},"end":{"line":42,"column":3}}},"5":{"name":"(anonymous_7)","decl":{"start":{"line":44,"column":2},"end":{"line":44,"column":7}},"loc":{"start":{"line":44,"column":25},"end":{"line":48,"column":3}}},"6":{"name":"(anonymous_8)","decl":{"start":{"line":50,"column":2},"end":{"line":50,"column":7}},"loc":{"start":{"line":50,"column":39},"end":{"line":64,"column":3}}},"7":{"name":"(anonymous_9)","decl":{"start":{"line":66,"column":2},"end":{"line":66,"column":7}},"loc":{"start":{"line":66,"column":63},"end":{"line":99,"column":3}}}},"branchMap":{"0":{"loc":{"start":{"line":12,"column":21},"end":{"line":12,"column":45}},"type":"binary-expr","locations":[{"start":{"line":12,"column":21},"end":{"line":12,"column":37}},{"start":{"line":12,"column":41},"end":{"line":12,"column":45}}]},"1":{"loc":{"start":{"line":13,"column":21},"end":{"line":13,"column":45}},"type":"binary-expr","locations":[{"start":{"line":13,"column":21},"end":{"line":13,"column":37}},{"start":{"line":13,"column":41},"end":{"line":13,"column":45}}]},"2":{"loc":{"start":{"line":14,"column":20},"end":{"line":14,"column":43}},"type":"binary-expr","locations":[{"start":{"line":14,"column":20},"end":{"line":14,"column":35}},{"start":{"line":14,"column":39},"end":{"line":14,"column":43}}]},"3":{"loc":{"start":{"line":15,"column":16},"end":{"line":15,"column":34}},"type":"binary-expr","locations":[{"start":{"line":15,"column":16},"end":{"line":15,"column":27}},{"start":{"line":15,"column":31},"end":{"line":15,"column":34}}]},"4":{"loc":{"start":{"line":17,"column":14},"end":{"line":17,"column":34}},"type":"binary-expr","locations":[{"start":{"line":17,"column":14},"end":{"line":17,"column":23}},{"start":{"line":17,"column":27},"end":{"line":17,"column":34}}]},"5":{"loc":{"start":{"line":18,"column":19},"end":{"line":18,"column":41}},"type":"binary-expr","locations":[{"start":{"line":18,"column":19},"end":{"line":18,"column":33}},{"start":{"line":18,"column":37},"end":{"line":18,"column":41}}]},"6":{"loc":{"start":{"line":19,"column":17},"end":{"line":19,"column":37}},"type":"binary-expr","locations":[{"start":{"line":19,"column":17},"end":{"line":19,"column":29}},{"start":{"line":19,"column":33},"end":{"line":19,"column":37}}]},"7":{"loc":{"start":{"line":20,"column":20},"end":{"line":20,"column":41}},"type":"binary-expr","locations":[{"start":{"line":20,"column":20},"end":{"line":20,"column":35}},{"start":{"line":20,"column":39},"end":{"line":20,"column":41}}]},"8":{"loc":{"start":{"line":79,"column":4},"end":{"line":98,"column":5}},"type":"if","locations":[{"start":{"line":79,"column":4},"end":{"line":98,"column":5}},{"start":{"line":88,"column":11},"end":{"line":98,"column":5}}]},"9":{"loc":{"start":{"line":84,"column":19},"end":{"line":84,"column":57}},"type":"cond-expr","locations":[{"start":{"line":84,"column":40},"end":{"line":84,"column":50}},{"start":{"line":84,"column":53},"end":{"line":84,"column":57}}]},"10":{"loc":{"start":{"line":94,"column":19},"end":{"line":94,"column":57}},"type":"cond-expr","locations":[{"start":{"line":94,"column":40},"end":{"line":94,"column":50}},{"start":{"line":94,"column":53},"end":{"line":94,"column":57}}]},"11":{"loc":{"start":{"line":6,"column":30},"end":{"line":6,"column":46}},"type":"cond-expr","locations":[{"start":{"line":6,"column":43},"end":{"line":6,"column":46}},{"start":{"line":6,"column":43},"end":{"line":6,"column":46}}]},"12":{"loc":{"start":{"line":6,"column":30},"end":{"line":6,"column":43}},"type":"binary-expr","locations":[{"start":{"line":6,"column":30},"end":{"line":6,"column":46}},{"start":{"line":6,"column":30},"end":{"line":6,"column":43}}]}},"s":{"0":2,"1":2,"2":2,"3":5,"4":1,"5":1,"6":0,"7":0,"8":0,"9":1,"10":1,"11":1,"12":2,"13":2,"14":2,"15":2,"16":1,"17":1,"18":2,"19":2},"f":{"0":5,"1":1,"2":1,"3":0,"4":0,"5":0,"6":1,"7":2},"b":{"0":[1,1],"1":[1,1],"2":[1,0],"3":[1,1],"4":[1,1],"5":[1,1],"6":[1,1],"7":[1,1],"8":[1,1],"9":[1,0],"10":[0,1],"11":[2,0],"12":[2,2]}}
,"C:\\Users\\nowak\\bApka_A\\backend\\src\\users\\users.controller.ts": {"path":"C:\\Users\\nowak\\bApka_A\\backend\\src\\users\\users.controller.ts","statementMap":{"0":{"start":{"line":1,"column":0},"end":{"line":1,"column":98}},"1":{"start":{"line":2,"column":0},"end":{"line":2,"column":47}},"2":{"start":{"line":3,"column":0},"end":{"line":3,"column":54}},"3":{"start":{"line":4,"column":0},"end":{"line":4,"column":38}},"4":{"start":{"line":5,"column":0},"end":{"line":5,"column":71}},"5":{"start":{"line":11,"column":7},"end":{"line":83,"column":null}},"6":{"start":{"line":12,"column":31},"end":{"line":12,"column":45}},"7":{"start":{"line":17,"column":4},"end":{"line":17,"column":63}},"8":{"start":{"line":23,"column":4},"end":{"line":23,"column":57}},"9":{"start":{"line":29,"column":4},"end":{"line":29,"column":58}},"10":{"start":{"line":35,"column":4},"end":{"line":35,"column":63}},"11":{"start":{"line":41,"column":4},"end":{"line":41,"column":60}},"12":{"start":{"line":47,"column":4},"end":{"line":47,"column":71}},"13":{"start":{"line":53,"column":4},"end":{"line":53,"column":63}},"14":{"start":{"line":59,"column":4},"end":{"line":59,"column":70}},"15":{"start":{"line":65,"column":4},"end":{"line":65,"column":67}},"16":{"start":{"line":73,"column":4},"end":{"line":73,"column":70}},"17":{"start":{"line":81,"column":4},"end":{"line":81,"column":70}},"18":{"start":{"line":11,"column":13},"end":{"line":11,"column":28}},"19":{"start":{"line":16,"column":2},"end":{"line":18,"column":null}},"20":{"start":{"line":22,"column":2},"end":{"line":24,"column":null}},"21":{"start":{"line":28,"column":2},"end":{"line":30,"column":null}},"22":{"start":{"line":34,"column":2},"end":{"line":36,"column":null}},"23":{"start":{"line":40,"column":2},"end":{"line":42,"column":null}},"24":{"start":{"line":46,"column":2},"end":{"line":48,"column":null}},"25":{"start":{"line":52,"column":2},"end":{"line":54,"column":null}},"26":{"start":{"line":58,"column":2},"end":{"line":60,"column":null}},"27":{"start":{"line":64,"column":2},"end":{"line":66,"column":null}},"28":{"start":{"line":72,"column":2},"end":{"line":74,"column":null}},"29":{"start":{"line":80,"column":2},"end":{"line":82,"column":null}},"30":{"start":{"line":11,"column":13},"end":{"line":83,"column":null}}},"fnMap":{"0":{"name":"(anonymous_4)","decl":{"start":{"line":12,"column":2},"end":{"line":12,"column":31}},"loc":{"start":{"line":12,"column":57},"end":{"line":12,"column":61}}},"1":{"name":"(anonymous_5)","decl":{"start":{"line":16,"column":2},"end":{"line":16,"column":12}},"loc":{"start":{"line":16,"column":58},"end":{"line":18,"column":3}}},"2":{"name":"(anonymous_6)","decl":{"start":{"line":22,"column":2},"end":{"line":22,"column":7}},"loc":{"start":{"line":22,"column":27},"end":{"line":24,"column":3}}},"3":{"name":"(anonymous_7)","decl":{"start":{"line":28,"column":2},"end":{"line":28,"column":13}},"loc":{"start":{"line":28,"column":33},"end":{"line":30,"column":3}}},"4":{"name":"(anonymous_8)","decl":{"start":{"line":34,"column":2},"end":{"line":34,"column":13}},"loc":{"start":{"line":34,"column":59},"end":{"line":36,"column":3}}},"5":{"name":"(anonymous_9)","decl":{"start":{"line":40,"column":2},"end":{"line":40,"column":15}},"loc":{"start":{"line":40,"column":35},"end":{"line":42,"column":3}}},"6":{"name":"(anonymous_10)","decl":{"start":{"line":46,"column":2},"end":{"line":46,"column":16}},"loc":{"start":{"line":46,"column":72},"end":{"line":48,"column":3}}},"7":{"name":"(anonymous_11)","decl":{"start":{"line":52,"column":2},"end":{"line":52,"column":12}},"loc":{"start":{"line":52,"column":60},"end":{"line":54,"column":3}}},"8":{"name":"(anonymous_12)","decl":{"start":{"line":58,"column":2},"end":{"line":58,"column":19}},"loc":{"start":{"line":58,"column":67},"end":{"line":60,"column":3}}},"9":{"name":"(anonymous_13)","decl":{"start":{"line":64,"column":2},"end":{"line":64,"column":16}},"loc":{"start":{"line":64,"column":55},"end":{"line":66,"column":3}}},"10":{"name":"(anonymous_14)","decl":{"start":{"line":72,"column":2},"end":{"line":72,"column":33}},"loc":{"start":{"line":72,"column":81},"end":{"line":74,"column":3}}},"11":{"name":"(anonymous_15)","decl":{"start":{"line":80,"column":2},"end":{"line":80,"column":23}},"loc":{"start":{"line":80,"column":71},"end":{"line":82,"column":3}}}},"branchMap":{"0":{"loc":{"start":{"line":16,"column":54},"end":{"line":16,"column":null}},"type":"cond-expr","locations":[{"start":{"line":16,"column":58},"end":{"line":16,"column":null}},{"start":{"line":16,"column":58},"end":{"line":16,"column":null}}]},"1":{"loc":{"start":{"line":16,"column":54},"end":{"line":16,"column":58}},"type":"binary-expr","locations":[{"start":{"line":16,"column":54},"end":{"line":16,"column":null}},{"start":{"line":16,"column":54},"end":{"line":16,"column":58}}]},"2":{"loc":{"start":{"line":12,"column":45},"end":{"line":12,"column":60}},"type":"cond-expr","locations":[{"start":{"line":12,"column":57},"end":{"line":12,"column":60}},{"start":{"line":12,"column":57},"end":{"line":12,"column":60}}]},"3":{"loc":{"start":{"line":12,"column":45},"end":{"line":12,"column":57}},"type":"binary-expr","locations":[{"start":{"line":12,"column":45},"end":{"line":12,"column":60}},{"start":{"line":12,"column":45},"end":{"line":12,"column":57}}]}},"s":{"0":1,"1":1,"2":1,"3":1,"4":1,"5":1,"6":2,"7":0,"8":1,"9":1,"10":0,"11":0,"12":0,"13":0,"14":0,"15":0,"16":0,"17":0,"18":1,"19":1,"20":1,"21":1,"22":1,"23":1,"24":1,"25":1,"26":1,"27":1,"28":1,"29":1,"30":1},"f":{"0":2,"1":0,"2":1,"3":1,"4":0,"5":0,"6":0,"7":0,"8":0,"9":0,"10":0,"11":0},"b":{"0":[0,1],"1":[1,1],"2":[1,0],"3":[1,1]}}
,"C:\\Users\\nowak\\bApka_A\\backend\\src\\users\\users.module.ts": {"path":"C:\\Users\\nowak\\bApka_A\\backend\\src\\users\\users.module.ts","statementMap":{"0":{"start":{"line":1,"column":0},"end":{"line":1,"column":40}},"1":{"start":{"line":2,"column":0},"end":{"line":2,"column":53}},"2":{"start":{"line":3,"column":0},"end":{"line":3,"column":47}},"3":{"start":{"line":4,"column":0},"end":{"line":4,"column":55}},"4":{"start":{"line":12,"column":7},"end":{"line":12,"column":null}},"5":{"start":{"line":12,"column":13},"end":{"line":12,"column":24}},"6":{"start":{"line":12,"column":13},"end":{"line":12,"column":null}}},"fnMap":{},"branchMap":{},"s":{"0":0,"1":0,"2":0,"3":0,"4":0,"5":0,"6":0},"f":{},"b":{}}
,"C:\\Users\\nowak\\bApka_A\\backend\\src\\users\\users.service.ts": {"path":"C:\\Users\\nowak\\bApka_A\\backend\\src\\users\\users.service.ts","statementMap":{"0":{"start":{"line":1,"column":0},"end":{"line":1,"column":null}},"1":{"start":{"line":6,"column":0},"end":{"line":6,"column":57}},"2":{"start":{"line":10,"column":7},"end":{"line":148,"column":null}},"3":{"start":{"line":11,"column":22},"end":{"line":11,"column":30}},"4":{"start":{"line":14,"column":17},"end":{"line":17,"column":6}},"5":{"start":{"line":18,"column":4},"end":{"line":20,"column":5}},"6":{"start":{"line":19,"column":6},"end":{"line":19,"column":61}},"7":{"start":{"line":21,"column":4},"end":{"line":21,"column":16}},"8":{"start":{"line":25,"column":4},"end":{"line":29,"column":7}},"9":{"start":{"line":34,"column":4},"end":{"line":39,"column":7}},"10":{"start":{"line":42,"column":16},"end":{"line":42,"column":70}},"11":{"start":{"line":44,"column":23},"end":{"line":50,"column":6}},"12":{"start":{"line":52,"column":4},"end":{"line":52,"column":19}},"13":{"start":{"line":56,"column":22},"end":{"line":58,"column":6}},"14":{"start":{"line":60,"column":4},"end":{"line":62,"column":5}},"15":{"start":{"line":61,"column":6},"end":{"line":61,"column":75}},"16":{"start":{"line":64,"column":23},"end":{"line":66,"column":6}},"17":{"start":{"line":68,"column":4},"end":{"line":70,"column":5}},"18":{"start":{"line":69,"column":6},"end":{"line":69,"column":60}},"19":{"start":{"line":72,"column":4},"end":{"line":79,"column":7}},"20":{"start":{"line":83,"column":24},"end":{"line":101,"column":6}},"21":{"start":{"line":103,"column":4},"end":{"line":103,"column":51}},"22":{"start":{"line":103,"column":35},"end":{"line":103,"column":49}},"23":{"start":{"line":107,"column":4},"end":{"line":114,"column":7}},"24":{"start":{"line":118,"column":4},"end":{"line":122,"column":7}},"25":{"start":{"line":127,"column":20},"end":{"line":127,"column":39}},"26":{"start":{"line":128,"column":4},"end":{"line":130,"column":5}},"27":{"start":{"line":129,"column":6},"end":{"line":129,"column":74}},"28":{"start":{"line":131,"column":4},"end":{"line":133,"column":5}},"29":{"start":{"line":132,"column":6},"end":{"line":132,"column":76}},"30":{"start":{"line":134,"column":4},"end":{"line":138,"column":7}},"31":{"start":{"line":142,"column":4},"end":{"line":146,"column":7}},"32":{"start":{"line":10,"column":13},"end":{"line":10,"column":25}},"33":{"start":{"line":10,"column":13},"end":{"line":148,"column":null}}},"fnMap":{"0":{"name":"(anonymous_2)","decl":{"start":{"line":11,"column":2},"end":{"line":11,"column":22}},"loc":{"start":{"line":11,"column":43},"end":{"line":11,"column":47}}},"1":{"name":"(anonymous_3)","decl":{"start":{"line":13,"column":2},"end":{"line":13,"column":7}},"loc":{"start":{"line":13,"column":33},"end":{"line":22,"column":3}}},"2":{"name":"(anonymous_4)","decl":{"start":{"line":24,"column":2},"end":{"line":24,"column":7}},"loc":{"start":{"line":24,"column":45},"end":{"line":30,"column":3}}},"3":{"name":"(anonymous_5)","decl":{"start":{"line":32,"column":2},"end":{"line":32,"column":7}},"loc":{"start":{"line":32,"column":39},"end":{"line":53,"column":3}}},"4":{"name":"(anonymous_6)","decl":{"start":{"line":55,"column":2},"end":{"line":55,"column":7}},"loc":{"start":{"line":55,"column":52},"end":{"line":80,"column":3}}},"5":{"name":"(anonymous_7)","decl":{"start":{"line":82,"column":2},"end":{"line":82,"column":7}},"loc":{"start":{"line":82,"column":41},"end":{"line":104,"column":3}}},"6":{"name":"(anonymous_8)","decl":{"start":{"line":103,"column":27},"end":{"line":103,"column":31}},"loc":{"start":{"line":103,"column":35},"end":{"line":103,"column":49}}},"7":{"name":"(anonymous_9)","decl":{"start":{"line":106,"column":2},"end":{"line":106,"column":7}},"loc":{"start":{"line":106,"column":47},"end":{"line":115,"column":3}}},"8":{"name":"(anonymous_10)","decl":{"start":{"line":117,"column":2},"end":{"line":117,"column":7}},"loc":{"start":{"line":117,"column":55},"end":{"line":123,"column":3}}},"9":{"name":"(anonymous_11)","decl":{"start":{"line":126,"column":2},"end":{"line":126,"column":7}},"loc":{"start":{"line":126,"column":54},"end":{"line":139,"column":3}}},"10":{"name":"(anonymous_12)","decl":{"start":{"line":141,"column":2},"end":{"line":141,"column":7}},"loc":{"start":{"line":141,"column":74},"end":{"line":147,"column":3}}}},"branchMap":{"0":{"loc":{"start":{"line":18,"column":4},"end":{"line":20,"column":5}},"type":"if","locations":[{"start":{"line":18,"column":4},"end":{"line":20,"column":5}},{"start":{},"end":{}}]},"1":{"loc":{"start":{"line":60,"column":4},"end":{"line":62,"column":5}},"type":"if","locations":[{"start":{"line":60,"column":4},"end":{"line":62,"column":5}},{"start":{},"end":{}}]},"2":{"loc":{"start":{"line":60,"column":8},"end":{"line":60,"column":52}},"type":"binary-expr","locations":[{"start":{"line":60,"column":8},"end":{"line":60,"column":18}},{"start":{"line":60,"column":22},"end":{"line":60,"column":52}}]},"3":{"loc":{"start":{"line":68,"column":4},"end":{"line":70,"column":5}},"type":"if","locations":[{"start":{"line":68,"column":4},"end":{"line":70,"column":5}},{"start":{},"end":{}}]},"4":{"loc":{"start":{"line":68,"column":8},"end":{"line":68,"column":42}},"type":"binary-expr","locations":[{"start":{"line":68,"column":8},"end":{"line":68,"column":19}},{"start":{"line":68,"column":23},"end":{"line":68,"column":42}}]},"5":{"loc":{"start":{"line":127,"column":21},"end":{"line":127,"column":31}},"type":"binary-expr","locations":[{"start":{"line":127,"column":21},"end":{"line":127,"column":25}},{"start":{"line":127,"column":29},"end":{"line":127,"column":31}}]},"6":{"loc":{"start":{"line":128,"column":4},"end":{"line":130,"column":5}},"type":"if","locations":[{"start":{"line":128,"column":4},"end":{"line":130,"column":5}},{"start":{},"end":{}}]},"7":{"loc":{"start":{"line":131,"column":4},"end":{"line":133,"column":5}},"type":"if","locations":[{"start":{"line":131,"column":4},"end":{"line":133,"column":5}},{"start":{},"end":{}}]},"8":{"loc":{"start":{"line":11,"column":30},"end":{"line":11,"column":46}},"type":"cond-expr","locations":[{"start":{"line":11,"column":43},"end":{"line":11,"column":46}},{"start":{"line":11,"column":43},"end":{"line":11,"column":46}}]},"9":{"loc":{"start":{"line":11,"column":30},"end":{"line":11,"column":43}},"type":"binary-expr","locations":[{"start":{"line":11,"column":30},"end":{"line":11,"column":46}},{"start":{"line":11,"column":30},"end":{"line":11,"column":43}}]}},"s":{"0":2,"1":2,"2":2,"3":10,"4":2,"5":2,"6":1,"7":1,"8":0,"9":1,"10":1,"11":1,"12":1,"13":3,"14":3,"15":1,"16":2,"17":2,"18":1,"19":1,"20":1,"21":1,"22":1,"23":1,"24":0,"25":2,"26":2,"27":1,"28":1,"29":0,"30":1,"31":0,"32":2,"33":2},"f":{"0":10,"1":2,"2":0,"3":1,"4":3,"5":1,"6":1,"7":1,"8":0,"9":2,"10":0},"b":{"0":[1,1],"1":[1,2],"2":[3,3],"3":[1,1],"4":[2,1],"5":[2,0],"6":[1,1],"7":[0,1],"8":[2,0],"9":[2,2]}}
}
